{"uuid":"d67d97aa-1086-4766-9472-63fc3a9240d1","historyId":"27b14538b91d91a83bd771adca07af7d","fullName":"validating Array Page: Validation of Arrays Using List link","labels":[{"name":"tag","value":"ArrayPage"},{"name":"host","value":"NagalakshmiSDET110"},{"name":"thread","value":"22572@NagalakshmiSDET110.main(1)"},{"name":"feature","value":"validating Array Page"},{"name":"story","value":"Validation of Arrays Using List link"},{"name":"suite","value":"validating Array Page"},{"name":"testClass","value":"Validation of Arrays Using List link"},{"name":"framework","value":"cucumber4jvm"},{"name":"language","value":"java"},{"name":"gherkin_uri","value":"file:///C:/Users/kodai/eclipse-workspace/Ninja_Ds_Algo/src/test/resources/features/05-ArrayPage.feature"},{"name":"package","value":"src.test.resources.features.05-ArrayPage_feature.validating Array Page"}],"links":[],"name":"Validation of Arrays Using List link","status":"broken","statusDetails":{"known":false,"muted":false,"flaky":false,"message":"no such window: target window already closed\nfrom unknown error: web view not found\n  (Session info: chrome=114.0.5735.134)\nBuild info: version: '4.8.3', revision: 'e5e76298c3'\nSystem info: os.name: 'Windows 11', os.arch: 'amd64', os.version: '10.0', java.version: '17.0.5'\nDriver info: org.openqa.selenium.chrome.ChromeDriver\nCommand: [c2d699e04a676c7aafa096810b536562, get {url=https://dsportalapp.herokuapp.com/array/arrays-in-python/}]\nCapabilities {acceptInsecureCerts: false, browserName: chrome, browserVersion: 114.0.5735.134, chrome: {chromedriverVersion: 114.0.5735.90 (386bc09e8f4f..., userDataDir: C:\\Users\\kodai\\AppData\\Loca...}, goog:chromeOptions: {debuggerAddress: localhost:57215}, networkConnectionEnabled: false, pageLoadStrategy: normal, platformName: WINDOWS, proxy: Proxy(), se:cdp: ws://localhost:57215/devtoo..., se:cdpVersion: 114.0.5735.134, setWindowRect: true, strictFileInteractability: false, timeouts: {implicit: 0, pageLoad: 300000, script: 30000}, unhandledPromptBehavior: dismiss and notify, webauthn:extension:credBlob: true, webauthn:extension:largeBlob: true, webauthn:extension:minPinLength: true, webauthn:extension:prf: true, webauthn:virtualAuthenticators: true}\nSession ID: c2d699e04a676c7aafa096810b536562","trace":"org.openqa.selenium.NoSuchWindowException: no such window: target window already closed\nfrom unknown error: web view not found\n  (Session info: chrome=114.0.5735.134)\nBuild info: version: '4.8.3', revision: 'e5e76298c3'\nSystem info: os.name: 'Windows 11', os.arch: 'amd64', os.version: '10.0', java.version: '17.0.5'\nDriver info: org.openqa.selenium.chrome.ChromeDriver\nCommand: [c2d699e04a676c7aafa096810b536562, get {url=https://dsportalapp.herokuapp.com/array/arrays-in-python/}]\nCapabilities {acceptInsecureCerts: false, browserName: chrome, browserVersion: 114.0.5735.134, chrome: {chromedriverVersion: 114.0.5735.90 (386bc09e8f4f..., userDataDir: C:\\Users\\kodai\\AppData\\Loca...}, goog:chromeOptions: {debuggerAddress: localhost:57215}, networkConnectionEnabled: false, pageLoadStrategy: normal, platformName: WINDOWS, proxy: Proxy(), se:cdp: ws://localhost:57215/devtoo..., se:cdpVersion: 114.0.5735.134, setWindowRect: true, strictFileInteractability: false, timeouts: {implicit: 0, pageLoad: 300000, script: 30000}, unhandledPromptBehavior: dismiss and notify, webauthn:extension:credBlob: true, webauthn:extension:largeBlob: true, webauthn:extension:minPinLength: true, webauthn:extension:prf: true, webauthn:virtualAuthenticators: true}\nSession ID: c2d699e04a676c7aafa096810b536562\r\n\tat jdk.internal.reflect.GeneratedConstructorAccessor50.newInstance(Unknown Source)\r\n\tat java.base/jdk.internal.reflect.DelegatingConstructorAccessorImpl.newInstance(DelegatingConstructorAccessorImpl.java:45)\r\n\tat java.base/java.lang.reflect.Constructor.newInstanceWithCaller(Constructor.java:499)\r\n\tat java.base/java.lang.reflect.Constructor.newInstance(Constructor.java:480)\r\n\tat org.openqa.selenium.remote.codec.w3c.W3CHttpResponseCodec.createException(W3CHttpResponseCodec.java:200)\r\n\tat org.openqa.selenium.remote.codec.w3c.W3CHttpResponseCodec.decode(W3CHttpResponseCodec.java:133)\r\n\tat org.openqa.selenium.remote.codec.w3c.W3CHttpResponseCodec.decode(W3CHttpResponseCodec.java:53)\r\n\tat org.openqa.selenium.remote.HttpCommandExecutor.execute(HttpCommandExecutor.java:193)\r\n\tat org.openqa.selenium.remote.service.DriverCommandExecutor.invokeExecute(DriverCommandExecutor.java:183)\r\n\tat org.openqa.selenium.remote.service.DriverCommandExecutor.execute(DriverCommandExecutor.java:158)\r\n\tat org.openqa.selenium.remote.RemoteWebDriver.execute(RemoteWebDriver.java:543)\r\n\tat org.openqa.selenium.remote.RemoteWebDriver.get(RemoteWebDriver.java:297)\r\n\tat pageObjects.ArrayPage.arrayphythonpage(ArrayPage.java:72)\r\n\tat stepDefinition.ArrayPage_SD.user_is_on_array_page_after_logged_in(ArrayPage_SD.java:120)\r\n\tat ✽.User is on Array page after logged in(file:///C:/Users/kodai/eclipse-workspace/Ninja_Ds_Algo/src/test/resources/features/05-ArrayPage.feature:32)\r\n"},"stage":"finished","steps":[{"name":"Given  User is on Array page after logged in","status":"broken","statusDetails":{"known":false,"muted":false,"flaky":false,"message":"no such window: target window already closed\nfrom unknown error: web view not found\n  (Session info: chrome=114.0.5735.134)\nBuild info: version: '4.8.3', revision: 'e5e76298c3'\nSystem info: os.name: 'Windows 11', os.arch: 'amd64', os.version: '10.0', java.version: '17.0.5'\nDriver info: org.openqa.selenium.chrome.ChromeDriver\nCommand: [c2d699e04a676c7aafa096810b536562, get {url=https://dsportalapp.herokuapp.com/array/arrays-in-python/}]\nCapabilities {acceptInsecureCerts: false, browserName: chrome, browserVersion: 114.0.5735.134, chrome: {chromedriverVersion: 114.0.5735.90 (386bc09e8f4f..., userDataDir: C:\\Users\\kodai\\AppData\\Loca...}, goog:chromeOptions: {debuggerAddress: localhost:57215}, networkConnectionEnabled: false, pageLoadStrategy: normal, platformName: WINDOWS, proxy: Proxy(), se:cdp: ws://localhost:57215/devtoo..., se:cdpVersion: 114.0.5735.134, setWindowRect: true, strictFileInteractability: false, timeouts: {implicit: 0, pageLoad: 300000, script: 30000}, unhandledPromptBehavior: dismiss and notify, webauthn:extension:credBlob: true, webauthn:extension:largeBlob: true, webauthn:extension:minPinLength: true, webauthn:extension:prf: true, webauthn:virtualAuthenticators: true}\nSession ID: c2d699e04a676c7aafa096810b536562","trace":"org.openqa.selenium.NoSuchWindowException: no such window: target window already closed\nfrom unknown error: web view not found\n  (Session info: chrome=114.0.5735.134)\nBuild info: version: '4.8.3', revision: 'e5e76298c3'\nSystem info: os.name: 'Windows 11', os.arch: 'amd64', os.version: '10.0', java.version: '17.0.5'\nDriver info: org.openqa.selenium.chrome.ChromeDriver\nCommand: [c2d699e04a676c7aafa096810b536562, get {url=https://dsportalapp.herokuapp.com/array/arrays-in-python/}]\nCapabilities {acceptInsecureCerts: false, browserName: chrome, browserVersion: 114.0.5735.134, chrome: {chromedriverVersion: 114.0.5735.90 (386bc09e8f4f..., userDataDir: C:\\Users\\kodai\\AppData\\Loca...}, goog:chromeOptions: {debuggerAddress: localhost:57215}, networkConnectionEnabled: false, pageLoadStrategy: normal, platformName: WINDOWS, proxy: Proxy(), se:cdp: ws://localhost:57215/devtoo..., se:cdpVersion: 114.0.5735.134, setWindowRect: true, strictFileInteractability: false, timeouts: {implicit: 0, pageLoad: 300000, script: 30000}, unhandledPromptBehavior: dismiss and notify, webauthn:extension:credBlob: true, webauthn:extension:largeBlob: true, webauthn:extension:minPinLength: true, webauthn:extension:prf: true, webauthn:virtualAuthenticators: true}\nSession ID: c2d699e04a676c7aafa096810b536562\r\n\tat jdk.internal.reflect.GeneratedConstructorAccessor50.newInstance(Unknown Source)\r\n\tat java.base/jdk.internal.reflect.DelegatingConstructorAccessorImpl.newInstance(DelegatingConstructorAccessorImpl.java:45)\r\n\tat java.base/java.lang.reflect.Constructor.newInstanceWithCaller(Constructor.java:499)\r\n\tat java.base/java.lang.reflect.Constructor.newInstance(Constructor.java:480)\r\n\tat org.openqa.selenium.remote.codec.w3c.W3CHttpResponseCodec.createException(W3CHttpResponseCodec.java:200)\r\n\tat org.openqa.selenium.remote.codec.w3c.W3CHttpResponseCodec.decode(W3CHttpResponseCodec.java:133)\r\n\tat org.openqa.selenium.remote.codec.w3c.W3CHttpResponseCodec.decode(W3CHttpResponseCodec.java:53)\r\n\tat org.openqa.selenium.remote.HttpCommandExecutor.execute(HttpCommandExecutor.java:193)\r\n\tat org.openqa.selenium.remote.service.DriverCommandExecutor.invokeExecute(DriverCommandExecutor.java:183)\r\n\tat org.openqa.selenium.remote.service.DriverCommandExecutor.execute(DriverCommandExecutor.java:158)\r\n\tat org.openqa.selenium.remote.RemoteWebDriver.execute(RemoteWebDriver.java:543)\r\n\tat org.openqa.selenium.remote.RemoteWebDriver.get(RemoteWebDriver.java:297)\r\n\tat pageObjects.ArrayPage.arrayphythonpage(ArrayPage.java:72)\r\n\tat stepDefinition.ArrayPage_SD.user_is_on_array_page_after_logged_in(ArrayPage_SD.java:120)\r\n\tat ✽.User is on Array page after logged in(file:///C:/Users/kodai/eclipse-workspace/Ninja_Ds_Algo/src/test/resources/features/05-ArrayPage.feature:32)\r\n"},"stage":"finished","steps":[],"attachments":[],"parameters":[],"start":1687657766408,"stop":1687657766417},{"name":"When  Clicks on Arrays Using List link","status":"skipped","statusDetails":{"known":false,"muted":false,"flaky":false},"stage":"finished","steps":[],"attachments":[],"parameters":[],"start":1687657766424,"stop":1687657766425},{"name":"Then  User should be redirected to Arrays Using List page","status":"skipped","statusDetails":{"known":false,"muted":false,"flaky":false},"stage":"finished","steps":[],"attachments":[],"parameters":[],"start":1687657766426,"stop":1687657766427}],"attachments":[],"parameters":[],"start":1687657766407,"stop":1687657766429}